<?xml version="1.0" encoding="UTF-8"?>
<testng-results ignored="0" total="1" passed="1" failed="0" skipped="0">
  <reporter-output>
    <line>
      <![CDATA[About to begin executing Test Weather_Report_Tests]]>
    </line>
    <line>
      <![CDATA[About to begin executing following method : TestBase.setUp]]>
    </line>
    <line>
      <![CDATA[Completed executing following method : TestBase.setUp]]>
    </line>
    <line>
      <![CDATA[About to begin executing following method : WeatherReportingComparatorTest.testThatValidateWeatherReport]]>
    </line>
    <line>
      <![CDATA[Completed executing following method : WeatherReportingComparatorTest.testThatValidateWeatherReport]]>
    </line>
    <line>
      <![CDATA[Test Method resides in com.testvagrant.assignment.qa.test.WeatherReportingComparatorTest]]>
    </line>
    <line>
      <![CDATA[Test Method had the following parameters : null{RunMode=Y, City=Bengaluru},]]>
    </line>
    <line>
      <![CDATA[Test Status: Pass]]>
    </line>
    <line>
      <![CDATA[About to begin executing following method : TestBase.tearDown]]>
    </line>
    <line>
      <![CDATA[Completed executing following method : TestBase.tearDown]]>
    </line>
  </reporter-output>
  <suite started-at="2021-03-23T13:11:14 IST" name="TestVagrant_Assignment_TestSuite" finished-at="2021-03-23T13:11:31 IST" duration-ms="17657">
    <groups>
    </groups>
    <test started-at="2021-03-23T13:11:14 IST" name="Weather_Report_Tests" finished-at="2021-03-23T13:11:31 IST" duration-ms="17657">
      <class name="com.testvagrant.assignment.qa.test.WeatherReportingComparatorTest">
        <test-method is-config="true" signature="setUp(java.lang.String)[pri:0, instance:com.testvagrant.assignment.qa.test.WeatherReportingComparatorTest@5af3afd9]" started-at="2021-03-23T13:11:14 IST" name="setUp" finished-at="2021-03-23T13:11:16 IST" duration-ms="2664" status="PASS">
          <params>
            <param index="0">
              <value>
                <![CDATA[chrome]]>
              </value>
            </param>
          </params>
          <reporter-output>
            <line>
              <![CDATA[Completed executing following method : TestBase.setUp]]>
            </line>
          </reporter-output>
        </test-method> <!-- setUp -->
        <test-method signature="testThatValidateWeatherReport(java.util.Hashtable)[pri:0, instance:com.testvagrant.assignment.qa.test.WeatherReportingComparatorTest@5af3afd9]" started-at="2021-03-23T13:11:17 IST" name="testThatValidateWeatherReport" data-provider="getDataProvider" finished-at="2021-03-23T13:11:31 IST" duration-ms="13930" status="PASS">
          <params>
            <param index="0">
              <value>
                <![CDATA[{RunMode=Y, City=Bengaluru}]]>
              </value>
            </param>
          </params>
          <reporter-output>
            <line>
              <![CDATA[About to begin executing following method : WeatherReportingComparatorTest.testThatValidateWeatherReport]]>
            </line>
            <line>
              <![CDATA[Completed executing following method : WeatherReportingComparatorTest.testThatValidateWeatherReport]]>
            </line>
            <line>
              <![CDATA[Test Method resides in com.testvagrant.assignment.qa.test.WeatherReportingComparatorTest]]>
            </line>
            <line>
              <![CDATA[Test Method had the following parameters : null{RunMode=Y, City=Bengaluru},]]>
            </line>
            <line>
              <![CDATA[Test Status: Pass]]>
            </line>
          </reporter-output>
        </test-method> <!-- testThatValidateWeatherReport -->
        <test-method is-config="true" signature="tearDown()[pri:0, instance:com.testvagrant.assignment.qa.test.WeatherReportingComparatorTest@5af3afd9]" started-at="2021-03-23T13:11:31 IST" name="tearDown" finished-at="2021-03-23T13:11:31 IST" duration-ms="717" status="PASS">
          <reporter-output>
            <line>
              <![CDATA[Completed executing following method : TestBase.tearDown]]>
            </line>
          </reporter-output>
        </test-method> <!-- tearDown -->
      </class> <!-- com.testvagrant.assignment.qa.test.WeatherReportingComparatorTest -->
    </test> <!-- Weather_Report_Tests -->
  </suite> <!-- TestVagrant_Assignment_TestSuite -->
</testng-results>
